[19:57:56.057] Global cache location '/Users/samuelbanya/Library/Caches/typescript/4.5', safe file path '/usr/local/lib/node_modules/typescript/lib/typingsafelist.json', types map path /usr/local/lib/node_modules/typescript/lib/typesmap.json
[19:57:56.059] Processing cache location '/Users/samuelbanya/Library/Caches/typescript/4.5'
[19:57:56.059] Trying to find '/Users/samuelbanya/Library/Caches/typescript/4.5/package.json'...
[19:57:56.062] Loaded content of '/Users/samuelbanya/Library/Caches/typescript/4.5/package.json': {"private":true,"dependencies":{"types-registry":"^0.1.595"},"devDependencies":{"@types/accepts":"^1.3.5","@types/acorn":"^4.0.6","@types/argparse":"^2.0.10","@types/asn1":"^0.2.0","@types/assert-plus":"^1.0.4","@types/aws4":"^1.11.2","@types/babel__core":"^7.1.19","@types/babel__preset-env":"^7.9.2","@types/babel-code-frame":"^6.20.5","@types/babel-core":"^6.25.7","@types/babel-generator":"^6.25.5","@types/babel-template":"^6.25.2","@types/babel-traverse":"^6.25.7","@types/babel-types":"^7.0.11","@types/babylon":"^6.16.6","@types/balanced-match":"^1.0.2","@types/basic-auth":"^1.1.3","@types/body-parser":"^1.19.2","@types/brace-expansion":"^1.1.0","@types/bytes":"^3.1.1","@types/call-bind":"^1.0.0","@types/caniuse-lite":"^1.0.1","@types/caseless":"^0.12.2","@types/chai":"^4.3.1","@types/chai-spies":"^1.0.3","@types/check-error":"^1.0.0","@types/co":"^4.6.3","@types/color-convert":"^2.0.0","@types/color-name":"^1.1.1","@types/combined-stream":"^1.0.3","@types/compressible":"^2.0.0","@types/compression":"^1.7.2","@types/concat-map":"^0.0.1","@types/configstore":"^5.0.1","@types/content-disposition":"^0.5.5","@types/content-type":"^1.1.5","@types/convert-source-map":"^1.5.2","@types/cookie":"^0.5.1","@types/cookie-signature":"^1.0.4","@types/core-js":"^2.5.5","@types/cors":"^2.8.12","@types/cross-spawn":"^6.0.2","@types/cssom":"^0.4.1","@types/cssstyle":"^2.2.1","@types/dashdash":"^1.14.1","@types/debug":"^4.1.7","@types/deep-extend":"^0.4.32","@types/define-properties":"^1.1.3","@types/depd":"^1.1.32","@types/destroy":"^1.0.0","@types/diff":"^5.0.2","@types/duplexer3":"^0.1.1","@types/ee-first":"^1.1.0","@types/encodeurl":"^1.0.0","@types/end-of-stream":"^1.4.1","@types/errorhandler":"^1.5.0","@types/es-abstract":"^1.17.3","@types/es-get-iterator":"^1.1.0","@types/es-to-primitive":"^1.2.4","@types/escape-html":"^1.0.2","@types/escodegen":"^0.0.7","@types/esprima":"^4.0.3","@types/estraverse":"^5.1.1","@types/esutils":"^2.0.0","@types/etag":"^1.8.1","@types/express":"^4.17.13","@types/extend":"^3.0.1","@types/extsprintf":"^1.4.2","@types/fast-levenshtein":"^0.0.2","@types/finalhandler":"^1.1.1","@types/flat":"^5.0.2","@types/foreach":"^2.0.0","@types/forever-agent":"^0.6.1","@types/forwarded":"^0.1.0","@types/fresh":"^0.5.0","@types/function-bind":"^1.1.6","@types/get-func-name":"^2.0.0","@types/get-intrinsic":"^1.0.0","@types/getpass":"^0.1.1","@types/glob":"^7.2.0","@types/got":"^9.6.12","@types/graceful-fs":"^4.1.5","@types/has":"^1.0.0","@types/has-ansi":"^5.0.0","@types/has-symbols":"^1.0.0","@types/he":"^1.1.2","@types/html-encoding-sniffer":"^2.0.2","@types/http-errors":"^1.8.2","@types/imurmurhash":"^0.1.1","@types/inherits":"^0.0.30","@types/ini":"^1.3.31","@types/internal-slot":"^1.0.1","@types/invariant":"^2.2.35","@types/is-arguments":"^1.0.0","@types/is-bigint":"^1.0.0","@types/is-boolean-object":"^1.1.0","@types/is-buffer":"^2.0.0","@types/is-callable":"^1.1.0","@types/is-ci":"^3.0.0","@types/is-core-module":"^2.2.0","@types/is-date-object":"^1.0.2","@types/is-finite":"^1.0.0","@types/is-generator-function":"^1.0.1","@types/is-regex":"^1.0.0","@types/is-string":"^1.0.0","@types/is-typedarray":"^1.0.0","@types/isarray":"^2.0.0","@types/isexe":"^2.0.1","@types/isstream":"^0.1.0","@types/jju":"^1.4.2","@types/js-levenshtein":"^1.1.1","@types/js-yaml":"^4.0.5","@types/jsbn":"^1.2.30","@types/jsdom":"^16.2.14","@types/jsesc":"^3.0.1","@types/json-parse-helpfulerror":"^1.0.1","@types/json-schema":"^7.0.11","@types/json-server":"^0.14.4","@types/json-stringify-safe":"^5.0.0","@types/lodash":"^4.14.182","@types/lodash.debounce":"^4.0.7","@types/lodash.once":"^4.1.7","@types/lolex":"^5.1.2","@types/lowdb":"^1.0.11","@types/lru-cache":"^7.6.1","@types/media-typer":"^1.1.1","@types/merge-descriptors":"^1.0.1","@types/method-override":"^0.0.32","@types/methods":"^1.1.1","@types/mime":"^2.0.3","@types/mime-db":"^1.43.1","@types/mime-types":"^2.1.1","@types/minimatch":"^3.0.5","@types/minimist":"^1.2.2","@types/mkdirp":"^1.0.2","@types/mocha":"^9.1.1","@types/morgan":"^1.9.3","@types/ms":"^0.7.31","@types/negotiator":"^0.6.1","@types/nice-try":"^2.1.0","@types/nise":"^1.4.0","@types/node-fetch":"^2.6.1","@types/number-is-nan":"^2.0.0","@types/nwmatcher":"^1.4.2","@types/object-assign":"^4.0.30","@types/object-inspect":"^1.8.1","@types/object-keys":"^1.0.1","@types/object.getownpropertydescriptors":"^2.1.1","@types/on-finished":"^2.3.1","@types/on-headers":"^1.0.0","@types/once":"^1.4.0","@types/os-homedir":"^1.0.0","@types/os-tmpdir":"^1.0.0","@types/parse5":"^6.0.3","@types/parseurl":"^1.3.1","@types/path-is-absolute":"^1.0.0","@types/path-is-inside":"^1.0.0","@types/path-parse":"^1.0.19","@types/pathval":"^1.1.0","@types/pify":"^5.0.1","@types/pluralize":"^0.0.29","@types/prelude-ls":"^1.1.29","@types/proxy-addr":"^2.0.0","@types/psl":"^1.1.0","@types/pump":"^1.1.1","@types/punycode":"^2.1.0","@types/qs":"^6.9.7","@types/range-parser":"^1.2.4","@types/rc":"^1.2.1","@types/regenerate":"^1.4.1","@types/regenerator-runtime":"^0.13.1","@types/registry-auth-token":"^4.2.1","@types/repeating":"^3.0.0","@types/request":"^2.48.8","@types/require-directory":"^2.1.2","@types/resolve":"^1.20.2","@types/safer-buffer":"^2.1.0","@types/sax":"^1.2.4","@types/semver":"^7.3.9","@types/semver-compare":"^1.0.1","@types/send":"^0.17.1","@types/serve-static":"^1.13.10","@types/server-destroy":"^1.0.1","@types/shebang-command":"^1.2.0","@types/signal-exit":"^3.0.1","@types/sinon":"^10.0.11","@types/sinon-stub-promise":"^2.1.7","@types/source-map-support":"^0.5.4","@types/sprintf":"^0.1.0","@types/sprintf-js":"^1.1.2","@types/sshpk":"^1.17.0","@types/statuses":"^2.0.0","@types/supports-color":"^8.1.1","@types/symbol-tree":"^3.2.2","@types/tough-cookie":"^4.0.2","@types/type-check":"^0.3.27","@types/type-detect":"^4.0.1","@types/type-is":"^1.6.3","@types/update-notifier":"^5.1.0","@types/url-parse-lax":"^5.0.0","@types/utils-merge":"^0.0.28","@types/uuid":"^8.3.4","@types/vary":"^1.1.0","@types/verror":"^1.10.5","@types/webidl-conversions":"^6.1.1","@types/whatwg-encoding":"^1.0.0","@types/whatwg-url":"^8.2.1","@types/which":"^2.0.1","@types/wordwrap":"^1.0.1","@types/wrap-ansi":"^8.0.1","@types/write-file-atomic":"^4.0.0","@types/xml-name-validator":"^4.0.0","@types/yallist":"^4.0.1","@types/yargs":"^17.0.10","@types/yargs-parser":"^21.0.0","@types/yargs-unparser":"^2.0.1"}}
[19:57:56.062] Loaded content of '/Users/samuelbanya/Library/Caches/typescript/4.5/package-lock.json'
[19:57:56.073] Adding entry into typings cache: 'accepts' => '/Users/samuelbanya/Library/Caches/typescript/4.5/node_modules/@types/accepts/index.d.ts'
[19:57:56.075] Adding entry into typings cache: 'acorn' => '/Users/samuelbanya/Library/Caches/typescript/4.5/node_modules/@types/acorn/index.d.ts'
[19:57:56.077] Adding entry into typings cache: 'argparse' => '/Users/samuelbanya/Library/Caches/typescript/4.5/node_modules/@types/argparse/index.d.ts'
[19:57:56.079] Adding entry into typings cache: 'asn1' => '/Users/samuelbanya/Library/Caches/typescript/4.5/node_modules/@types/asn1/index.d.ts'
[19:57:56.080] Adding entry into typings cache: 'assert-plus' => '/Users/samuelbanya/Library/Caches/typescript/4.5/node_modules/@types/assert-plus/index.d.ts'
[19:57:56.081] Adding entry into typings cache: 'aws4' => '/Users/samuelbanya/Library/Caches/typescript/4.5/node_modules/@types/aws4/index.d.ts'
[19:57:56.083] Adding entry into typings cache: 'babel__core' => '/Users/samuelbanya/Library/Caches/typescript/4.5/node_modules/@types/babel__core/index.d.ts'
[19:57:56.085] Adding entry into typings cache: 'babel__preset-env' => '/Users/samuelbanya/Library/Caches/typescript/4.5/node_modules/@types/babel__preset-env/index.d.ts'
[19:57:56.087] Adding entry into typings cache: 'babel-code-frame' => '/Users/samuelbanya/Library/Caches/typescript/4.5/node_modules/@types/babel-code-frame/index.d.ts'
[19:57:56.088] Adding entry into typings cache: 'babel-core' => '/Users/samuelbanya/Library/Caches/typescript/4.5/node_modules/@types/babel-core/index.d.ts'
[19:57:56.091] Adding entry into typings cache: 'babel-generator' => '/Users/samuelbanya/Library/Caches/typescript/4.5/node_modules/@types/babel-generator/index.d.ts'
[19:57:56.092] Adding entry into typings cache: 'babel-template' => '/Users/samuelbanya/Library/Caches/typescript/4.5/node_modules/@types/babel-template/index.d.ts'
[19:57:56.093] Adding entry into typings cache: 'babel-traverse' => '/Users/samuelbanya/Library/Caches/typescript/4.5/node_modules/@types/babel-traverse/index.d.ts'
[19:57:56.094] Adding entry into typings cache: 'babel-types' => '/Users/samuelbanya/Library/Caches/typescript/4.5/node_modules/@types/babel-types/index.d.ts'
[19:57:56.095] Adding entry into typings cache: 'babylon' => '/Users/samuelbanya/Library/Caches/typescript/4.5/node_modules/@types/babylon/index.d.ts'
[19:57:56.097] Adding entry into typings cache: 'balanced-match' => '/Users/samuelbanya/Library/Caches/typescript/4.5/node_modules/@types/balanced-match/index.d.ts'
[19:57:56.097] Adding entry into typings cache: 'basic-auth' => '/Users/samuelbanya/Library/Caches/typescript/4.5/node_modules/@types/basic-auth/index.d.ts'
[19:57:56.099] Adding entry into typings cache: 'body-parser' => '/Users/samuelbanya/Library/Caches/typescript/4.5/node_modules/@types/body-parser/index.d.ts'
[19:57:56.100] Adding entry into typings cache: 'brace-expansion' => '/Users/samuelbanya/Library/Caches/typescript/4.5/node_modules/@types/brace-expansion/index.d.ts'
[19:57:56.102] Adding entry into typings cache: 'bytes' => '/Users/samuelbanya/Library/Caches/typescript/4.5/node_modules/@types/bytes/index.d.ts'
[19:57:56.105] Adding entry into typings cache: 'call-bind' => '/Users/samuelbanya/Library/Caches/typescript/4.5/node_modules/@types/call-bind/index.d.ts'
[19:57:56.106] Adding entry into typings cache: 'caniuse-lite' => '/Users/samuelbanya/Library/Caches/typescript/4.5/node_modules/@types/caniuse-lite/index.d.ts'
[19:57:56.107] Adding entry into typings cache: 'caseless' => '/Users/samuelbanya/Library/Caches/typescript/4.5/node_modules/@types/caseless/index.d.ts'
[19:57:56.108] Adding entry into typings cache: 'chai' => '/Users/samuelbanya/Library/Caches/typescript/4.5/node_modules/@types/chai/index.d.ts'
[19:57:56.109] Adding entry into typings cache: 'chai-spies' => '/Users/samuelbanya/Library/Caches/typescript/4.5/node_modules/@types/chai-spies/index.d.ts'
[19:57:56.109] Adding entry into typings cache: 'check-error' => '/Users/samuelbanya/Library/Caches/typescript/4.5/node_modules/@types/check-error/index.d.ts'
[19:57:56.110] Adding entry into typings cache: 'co' => '/Users/samuelbanya/Library/Caches/typescript/4.5/node_modules/@types/co/index.d.ts'
[19:57:56.112] Adding entry into typings cache: 'color-convert' => '/Users/samuelbanya/Library/Caches/typescript/4.5/node_modules/@types/color-convert/index.d.ts'
[19:57:56.115] Adding entry into typings cache: 'color-name' => '/Users/samuelbanya/Library/Caches/typescript/4.5/node_modules/@types/color-name/index.d.ts'
[19:57:56.118] Adding entry into typings cache: 'combined-stream' => '/Users/samuelbanya/Library/Caches/typescript/4.5/node_modules/@types/combined-stream/index.d.ts'
[19:57:56.119] Adding entry into typings cache: 'compressible' => '/Users/samuelbanya/Library/Caches/typescript/4.5/node_modules/@types/compressible/index.d.ts'
[19:57:56.120] Adding entry into typings cache: 'compression' => '/Users/samuelbanya/Library/Caches/typescript/4.5/node_modules/@types/compression/index.d.ts'
[19:57:56.121] Adding entry into typings cache: 'concat-map' => '/Users/samuelbanya/Library/Caches/typescript/4.5/node_modules/@types/concat-map/index.d.ts'
[19:57:56.121] Adding entry into typings cache: 'configstore' => '/Users/samuelbanya/Library/Caches/typescript/4.5/node_modules/@types/configstore/index.d.ts'
[19:57:56.122] Adding entry into typings cache: 'content-disposition' => '/Users/samuelbanya/Library/Caches/typescript/4.5/node_modules/@types/content-disposition/index.d.ts'
[19:57:56.123] Adding entry into typings cache: 'content-type' => '/Users/samuelbanya/Library/Caches/typescript/4.5/node_modules/@types/content-type/index.d.ts'
[19:57:56.123] Adding entry into typings cache: 'convert-source-map' => '/Users/samuelbanya/Library/Caches/typescript/4.5/node_modules/@types/convert-source-map/index.d.ts'
[19:57:56.124] Adding entry into typings cache: 'cookie' => '/Users/samuelbanya/Library/Caches/typescript/4.5/node_modules/@types/cookie/index.d.ts'
[19:57:56.125] Adding entry into typings cache: 'cookie-signature' => '/Users/samuelbanya/Library/Caches/typescript/4.5/node_modules/@types/cookie-signature/index.d.ts'
[19:57:56.125] Adding entry into typings cache: 'core-js' => '/Users/samuelbanya/Library/Caches/typescript/4.5/node_modules/@types/core-js/index.d.ts'
[19:57:56.127] Adding entry into typings cache: 'cors' => '/Users/samuelbanya/Library/Caches/typescript/4.5/node_modules/@types/cors/index.d.ts'
[19:57:56.128] Adding entry into typings cache: 'cross-spawn' => '/Users/samuelbanya/Library/Caches/typescript/4.5/node_modules/@types/cross-spawn/index.d.ts'
[19:57:56.129] Adding entry into typings cache: 'cssom' => '/Users/samuelbanya/Library/Caches/typescript/4.5/node_modules/@types/cssom/index.d.ts'
[19:57:56.130] Adding entry into typings cache: 'cssstyle' => '/Users/samuelbanya/Library/Caches/typescript/4.5/node_modules/@types/cssstyle/index.d.ts'
[19:57:56.131] Adding entry into typings cache: 'dashdash' => '/Users/samuelbanya/Library/Caches/typescript/4.5/node_modules/@types/dashdash/index.d.ts'
[19:57:56.132] Adding entry into typings cache: 'debug' => '/Users/samuelbanya/Library/Caches/typescript/4.5/node_modules/@types/debug/index.d.ts'
[19:57:56.133] Adding entry into typings cache: 'deep-extend' => '/Users/samuelbanya/Library/Caches/typescript/4.5/node_modules/@types/deep-extend/index.d.ts'
[19:57:56.134] Adding entry into typings cache: 'define-properties' => '/Users/samuelbanya/Library/Caches/typescript/4.5/node_modules/@types/define-properties/index.d.ts'
[19:57:56.135] Adding entry into typings cache: 'depd' => '/Users/samuelbanya/Library/Caches/typescript/4.5/node_modules/@types/depd/index.d.ts'
[19:57:56.137] Adding entry into typings cache: 'destroy' => '/Users/samuelbanya/Library/Caches/typescript/4.5/node_modules/@types/destroy/index.d.ts'
[19:57:56.139] Adding entry into typings cache: 'diff' => '/Users/samuelbanya/Library/Caches/typescript/4.5/node_modules/@types/diff/index.d.ts'
[19:57:56.140] Adding entry into typings cache: 'duplexer3' => '/Users/samuelbanya/Library/Caches/typescript/4.5/node_modules/@types/duplexer3/index.d.ts'
[19:57:56.141] Adding entry into typings cache: 'ee-first' => '/Users/samuelbanya/Library/Caches/typescript/4.5/node_modules/@types/ee-first/index.d.ts'
[19:57:56.142] Adding entry into typings cache: 'encodeurl' => '/Users/samuelbanya/Library/Caches/typescript/4.5/node_modules/@types/encodeurl/index.d.ts'
[19:57:56.143] Adding entry into typings cache: 'end-of-stream' => '/Users/samuelbanya/Library/Caches/typescript/4.5/node_modules/@types/end-of-stream/index.d.ts'
[19:57:56.144] Adding entry into typings cache: 'errorhandler' => '/Users/samuelbanya/Library/Caches/typescript/4.5/node_modules/@types/errorhandler/index.d.ts'
[19:57:56.145] Adding entry into typings cache: 'es-abstract' => '/Users/samuelbanya/Library/Caches/typescript/4.5/node_modules/@types/es-abstract/index.d.ts'
[19:57:56.146] Adding entry into typings cache: 'es-get-iterator' => '/Users/samuelbanya/Library/Caches/typescript/4.5/node_modules/@types/es-get-iterator/index.d.ts'
[19:57:56.147] Adding entry into typings cache: 'es-to-primitive' => '/Users/samuelbanya/Library/Caches/typescript/4.5/node_modules/@types/es-to-primitive/index.d.ts'
[19:57:56.147] Adding entry into typings cache: 'escape-html' => '/Users/samuelbanya/Library/Caches/typescript/4.5/node_modules/@types/escape-html/index.d.ts'
[19:57:56.148] Adding entry into typings cache: 'escodegen' => '/Users/samuelbanya/Library/Caches/typescript/4.5/node_modules/@types/escodegen/index.d.ts'
[19:57:56.150] Adding entry into typings cache: 'esprima' => '/Users/samuelbanya/Library/Caches/typescript/4.5/node_modules/@types/esprima/index.d.ts'
[19:57:56.151] Adding entry into typings cache: 'estraverse' => '/Users/samuelbanya/Library/Caches/typescript/4.5/node_modules/@types/estraverse/index.d.ts'
[19:57:56.152] Adding entry into typings cache: 'esutils' => '/Users/samuelbanya/Library/Caches/typescript/4.5/node_modules/@types/esutils/index.d.ts'
[19:57:56.154] Adding entry into typings cache: 'etag' => '/Users/samuelbanya/Library/Caches/typescript/4.5/node_modules/@types/etag/index.d.ts'
[19:57:56.155] Adding entry into typings cache: 'express' => '/Users/samuelbanya/Library/Caches/typescript/4.5/node_modules/@types/express/index.d.ts'
[19:57:56.156] Adding entry into typings cache: 'extend' => '/Users/samuelbanya/Library/Caches/typescript/4.5/node_modules/@types/extend/index.d.ts'
[19:57:56.156] Adding entry into typings cache: 'extsprintf' => '/Users/samuelbanya/Library/Caches/typescript/4.5/node_modules/@types/extsprintf/index.d.ts'
[19:57:56.157] Adding entry into typings cache: 'fast-levenshtein' => '/Users/samuelbanya/Library/Caches/typescript/4.5/node_modules/@types/fast-levenshtein/index.d.ts'
[19:57:56.158] Adding entry into typings cache: 'finalhandler' => '/Users/samuelbanya/Library/Caches/typescript/4.5/node_modules/@types/finalhandler/index.d.ts'
[19:57:56.160] Adding entry into typings cache: 'flat' => '/Users/samuelbanya/Library/Caches/typescript/4.5/node_modules/@types/flat/index.d.ts'
[19:57:56.161] Adding entry into typings cache: 'foreach' => '/Users/samuelbanya/Library/Caches/typescript/4.5/node_modules/@types/foreach/index.d.ts'
[19:57:56.162] Adding entry into typings cache: 'forever-agent' => '/Users/samuelbanya/Library/Caches/typescript/4.5/node_modules/@types/forever-agent/index.d.ts'
[19:57:56.163] Adding entry into typings cache: 'forwarded' => '/Users/samuelbanya/Library/Caches/typescript/4.5/node_modules/@types/forwarded/index.d.ts'
[19:57:56.164] Adding entry into typings cache: 'fresh' => '/Users/samuelbanya/Library/Caches/typescript/4.5/node_modules/@types/fresh/index.d.ts'
[19:57:56.165] Adding entry into typings cache: 'function-bind' => '/Users/samuelbanya/Library/Caches/typescript/4.5/node_modules/@types/function-bind/index.d.ts'
[19:57:56.166] Adding entry into typings cache: 'get-func-name' => '/Users/samuelbanya/Library/Caches/typescript/4.5/node_modules/@types/get-func-name/index.d.ts'
[19:57:56.167] Adding entry into typings cache: 'get-intrinsic' => '/Users/samuelbanya/Library/Caches/typescript/4.5/node_modules/@types/get-intrinsic/index.d.ts'
[19:57:56.170] Adding entry into typings cache: 'getpass' => '/Users/samuelbanya/Library/Caches/typescript/4.5/node_modules/@types/getpass/index.d.ts'
[19:57:56.171] Adding entry into typings cache: 'glob' => '/Users/samuelbanya/Library/Caches/typescript/4.5/node_modules/@types/glob/index.d.ts'
[19:57:56.172] Adding entry into typings cache: 'got' => '/Users/samuelbanya/Library/Caches/typescript/4.5/node_modules/@types/got/index.d.ts'
[19:57:56.173] Adding entry into typings cache: 'graceful-fs' => '/Users/samuelbanya/Library/Caches/typescript/4.5/node_modules/@types/graceful-fs/index.d.ts'
[19:57:56.174] Adding entry into typings cache: 'has' => '/Users/samuelbanya/Library/Caches/typescript/4.5/node_modules/@types/has/index.d.ts'
[19:57:56.175] Adding entry into typings cache: 'has-ansi' => '/Users/samuelbanya/Library/Caches/typescript/4.5/node_modules/@types/has-ansi/index.d.ts'
[19:57:56.176] Adding entry into typings cache: 'has-symbols' => '/Users/samuelbanya/Library/Caches/typescript/4.5/node_modules/@types/has-symbols/index.d.ts'
[19:57:56.177] Adding entry into typings cache: 'he' => '/Users/samuelbanya/Library/Caches/typescript/4.5/node_modules/@types/he/index.d.ts'
[19:57:56.178] Adding entry into typings cache: 'html-encoding-sniffer' => '/Users/samuelbanya/Library/Caches/typescript/4.5/node_modules/@types/html-encoding-sniffer/index.d.ts'
[19:57:56.178] Adding entry into typings cache: 'http-errors' => '/Users/samuelbanya/Library/Caches/typescript/4.5/node_modules/@types/http-errors/index.d.ts'
[19:57:56.180] Adding entry into typings cache: 'imurmurhash' => '/Users/samuelbanya/Library/Caches/typescript/4.5/node_modules/@types/imurmurhash/index.d.ts'
[19:57:56.181] Adding entry into typings cache: 'inherits' => '/Users/samuelbanya/Library/Caches/typescript/4.5/node_modules/@types/inherits/index.d.ts'
[19:57:56.182] Adding entry into typings cache: 'ini' => '/Users/samuelbanya/Library/Caches/typescript/4.5/node_modules/@types/ini/index.d.ts'
[19:57:56.183] Adding entry into typings cache: 'internal-slot' => '/Users/samuelbanya/Library/Caches/typescript/4.5/node_modules/@types/internal-slot/index.d.ts'
[19:57:56.185] Adding entry into typings cache: 'invariant' => '/Users/samuelbanya/Library/Caches/typescript/4.5/node_modules/@types/invariant/index.d.ts'
[19:57:56.187] Adding entry into typings cache: 'is-arguments' => '/Users/samuelbanya/Library/Caches/typescript/4.5/node_modules/@types/is-arguments/index.d.ts'
[19:57:56.188] Adding entry into typings cache: 'is-bigint' => '/Users/samuelbanya/Library/Caches/typescript/4.5/node_modules/@types/is-bigint/index.d.ts'
[19:57:56.188] Adding entry into typings cache: 'is-boolean-object' => '/Users/samuelbanya/Library/Caches/typescript/4.5/node_modules/@types/is-boolean-object/index.d.ts'
[19:57:56.189] Adding entry into typings cache: 'is-buffer' => '/Users/samuelbanya/Library/Caches/typescript/4.5/node_modules/@types/is-buffer/index.d.ts'
[19:57:56.189] Adding entry into typings cache: 'is-callable' => '/Users/samuelbanya/Library/Caches/typescript/4.5/node_modules/@types/is-callable/index.d.ts'
[19:57:56.190] Adding entry into typings cache: 'is-ci' => '/Users/samuelbanya/Library/Caches/typescript/4.5/node_modules/@types/is-ci/index.d.ts'
[19:57:56.191] Adding entry into typings cache: 'is-core-module' => '/Users/samuelbanya/Library/Caches/typescript/4.5/node_modules/@types/is-core-module/index.d.ts'
[19:57:56.191] Adding entry into typings cache: 'is-date-object' => '/Users/samuelbanya/Library/Caches/typescript/4.5/node_modules/@types/is-date-object/index.d.ts'
[19:57:56.192] Adding entry into typings cache: 'is-finite' => '/Users/samuelbanya/Library/Caches/typescript/4.5/node_modules/@types/is-finite/index.d.ts'
[19:57:56.193] Adding entry into typings cache: 'is-generator-function' => '/Users/samuelbanya/Library/Caches/typescript/4.5/node_modules/@types/is-generator-function/index.d.ts'
[19:57:56.194] Adding entry into typings cache: 'is-regex' => '/Users/samuelbanya/Library/Caches/typescript/4.5/node_modules/@types/is-regex/index.d.ts'
[19:57:56.194] Adding entry into typings cache: 'is-string' => '/Users/samuelbanya/Library/Caches/typescript/4.5/node_modules/@types/is-string/index.d.ts'
[19:57:56.196] Adding entry into typings cache: 'is-typedarray' => '/Users/samuelbanya/Library/Caches/typescript/4.5/node_modules/@types/is-typedarray/index.d.ts'
[19:57:56.196] Adding entry into typings cache: 'isarray' => '/Users/samuelbanya/Library/Caches/typescript/4.5/node_modules/@types/isarray/index.d.ts'
[19:57:56.197] Adding entry into typings cache: 'isexe' => '/Users/samuelbanya/Library/Caches/typescript/4.5/node_modules/@types/isexe/index.d.ts'
[19:57:56.198] Adding entry into typings cache: 'isstream' => '/Users/samuelbanya/Library/Caches/typescript/4.5/node_modules/@types/isstream/index.d.ts'
[19:57:56.198] Adding entry into typings cache: 'jju' => '/Users/samuelbanya/Library/Caches/typescript/4.5/node_modules/@types/jju/index.d.ts'
[19:57:56.199] Adding entry into typings cache: 'js-levenshtein' => '/Users/samuelbanya/Library/Caches/typescript/4.5/node_modules/@types/js-levenshtein/index.d.ts'
[19:57:56.200] Adding entry into typings cache: 'js-yaml' => '/Users/samuelbanya/Library/Caches/typescript/4.5/node_modules/@types/js-yaml/index.d.ts'
[19:57:56.201] Adding entry into typings cache: 'jsbn' => '/Users/samuelbanya/Library/Caches/typescript/4.5/node_modules/@types/jsbn/index.d.ts'
[19:57:56.202] Adding entry into typings cache: 'jsdom' => '/Users/samuelbanya/Library/Caches/typescript/4.5/node_modules/@types/jsdom/index.d.ts'
[19:57:56.203] Adding entry into typings cache: 'jsesc' => '/Users/samuelbanya/Library/Caches/typescript/4.5/node_modules/@types/jsesc/index.d.ts'
[19:57:56.204] Adding entry into typings cache: 'json-parse-helpfulerror' => '/Users/samuelbanya/Library/Caches/typescript/4.5/node_modules/@types/json-parse-helpfulerror/index.d.ts'
[19:57:56.205] Adding entry into typings cache: 'json-schema' => '/Users/samuelbanya/Library/Caches/typescript/4.5/node_modules/@types/json-schema/index.d.ts'
[19:57:56.206] Adding entry into typings cache: 'json-server' => '/Users/samuelbanya/Library/Caches/typescript/4.5/node_modules/@types/json-server/index.d.ts'
[19:57:56.206] Adding entry into typings cache: 'json-stringify-safe' => '/Users/samuelbanya/Library/Caches/typescript/4.5/node_modules/@types/json-stringify-safe/index.d.ts'
[19:57:56.207] Adding entry into typings cache: 'lodash' => '/Users/samuelbanya/Library/Caches/typescript/4.5/node_modules/@types/lodash/index.d.ts'
[19:57:56.208] Adding entry into typings cache: 'lodash.debounce' => '/Users/samuelbanya/Library/Caches/typescript/4.5/node_modules/@types/lodash.debounce/index.d.ts'
[19:57:56.208] Adding entry into typings cache: 'lodash.once' => '/Users/samuelbanya/Library/Caches/typescript/4.5/node_modules/@types/lodash.once/index.d.ts'
[19:57:56.209] Adding entry into typings cache: 'lolex' => '/Users/samuelbanya/Library/Caches/typescript/4.5/node_modules/@types/lolex/index.d.ts'
[19:57:56.209] Adding entry into typings cache: 'lowdb' => '/Users/samuelbanya/Library/Caches/typescript/4.5/node_modules/@types/lowdb/index.d.ts'
[19:57:56.210] Adding entry into typings cache: 'lru-cache' => '/Users/samuelbanya/Library/Caches/typescript/4.5/node_modules/@types/lru-cache/index.d.ts'
[19:57:56.210] Adding entry into typings cache: 'media-typer' => '/Users/samuelbanya/Library/Caches/typescript/4.5/node_modules/@types/media-typer/index.d.ts'
[19:57:56.210] Adding entry into typings cache: 'merge-descriptors' => '/Users/samuelbanya/Library/Caches/typescript/4.5/node_modules/@types/merge-descriptors/index.d.ts'
[19:57:56.212] Adding entry into typings cache: 'method-override' => '/Users/samuelbanya/Library/Caches/typescript/4.5/node_modules/@types/method-override/index.d.ts'
[19:57:56.212] Adding entry into typings cache: 'methods' => '/Users/samuelbanya/Library/Caches/typescript/4.5/node_modules/@types/methods/index.d.ts'
[19:57:56.213] Adding entry into typings cache: 'mime' => '/Users/samuelbanya/Library/Caches/typescript/4.5/node_modules/@types/mime/index.d.ts'
[19:57:56.214] Adding entry into typings cache: 'mime-db' => '/Users/samuelbanya/Library/Caches/typescript/4.5/node_modules/@types/mime-db/index.d.ts'
[19:57:56.215] Adding entry into typings cache: 'mime-types' => '/Users/samuelbanya/Library/Caches/typescript/4.5/node_modules/@types/mime-types/index.d.ts'
[19:57:56.217] Adding entry into typings cache: 'minimatch' => '/Users/samuelbanya/Library/Caches/typescript/4.5/node_modules/@types/minimatch/index.d.ts'
[19:57:56.219] Adding entry into typings cache: 'minimist' => '/Users/samuelbanya/Library/Caches/typescript/4.5/node_modules/@types/minimist/index.d.ts'
[19:57:56.220] Adding entry into typings cache: 'mkdirp' => '/Users/samuelbanya/Library/Caches/typescript/4.5/node_modules/@types/mkdirp/index.d.ts'
[19:57:56.221] Adding entry into typings cache: 'mocha' => '/Users/samuelbanya/Library/Caches/typescript/4.5/node_modules/@types/mocha/index.d.ts'
[19:57:56.222] Adding entry into typings cache: 'morgan' => '/Users/samuelbanya/Library/Caches/typescript/4.5/node_modules/@types/morgan/index.d.ts'
[19:57:56.222] Adding entry into typings cache: 'ms' => '/Users/samuelbanya/Library/Caches/typescript/4.5/node_modules/@types/ms/index.d.ts'
[19:57:56.223] Adding entry into typings cache: 'negotiator' => '/Users/samuelbanya/Library/Caches/typescript/4.5/node_modules/@types/negotiator/index.d.ts'
[19:57:56.223] Adding entry into typings cache: 'nice-try' => '/Users/samuelbanya/Library/Caches/typescript/4.5/node_modules/@types/nice-try/index.d.ts'
[19:57:56.224] Adding entry into typings cache: 'nise' => '/Users/samuelbanya/Library/Caches/typescript/4.5/node_modules/@types/nise/index.d.ts'
[19:57:56.226] Adding entry into typings cache: 'node-fetch' => '/Users/samuelbanya/Library/Caches/typescript/4.5/node_modules/@types/node-fetch/index.d.ts'
[19:57:56.226] Adding entry into typings cache: 'number-is-nan' => '/Users/samuelbanya/Library/Caches/typescript/4.5/node_modules/@types/number-is-nan/index.d.ts'
[19:57:56.227] Adding entry into typings cache: 'nwmatcher' => '/Users/samuelbanya/Library/Caches/typescript/4.5/node_modules/@types/nwmatcher/index.d.ts'
[19:57:56.227] Adding entry into typings cache: 'object-assign' => '/Users/samuelbanya/Library/Caches/typescript/4.5/node_modules/@types/object-assign/index.d.ts'
[19:57:56.228] Adding entry into typings cache: 'object-inspect' => '/Users/samuelbanya/Library/Caches/typescript/4.5/node_modules/@types/object-inspect/index.d.ts'
[19:57:56.228] Adding entry into typings cache: 'object-keys' => '/Users/samuelbanya/Library/Caches/typescript/4.5/node_modules/@types/object-keys/index.d.ts'
[19:57:56.229] Adding entry into typings cache: 'object.getownpropertydescriptors' => '/Users/samuelbanya/Library/Caches/typescript/4.5/node_modules/@types/object.getownpropertydescriptors/index.d.ts'
[19:57:56.229] Adding entry into typings cache: 'on-finished' => '/Users/samuelbanya/Library/Caches/typescript/4.5/node_modules/@types/on-finished/index.d.ts'
[19:57:56.230] Adding entry into typings cache: 'on-headers' => '/Users/samuelbanya/Library/Caches/typescript/4.5/node_modules/@types/on-headers/index.d.ts'
[19:57:56.230] Adding entry into typings cache: 'once' => '/Users/samuelbanya/Library/Caches/typescript/4.5/node_modules/@types/once/index.d.ts'
[19:57:56.231] Adding entry into typings cache: 'os-homedir' => '/Users/samuelbanya/Library/Caches/typescript/4.5/node_modules/@types/os-homedir/index.d.ts'
[19:57:56.231] Adding entry into typings cache: 'os-tmpdir' => '/Users/samuelbanya/Library/Caches/typescript/4.5/node_modules/@types/os-tmpdir/index.d.ts'
[19:57:56.232] Adding entry into typings cache: 'parse5' => '/Users/samuelbanya/Library/Caches/typescript/4.5/node_modules/@types/parse5/index.d.ts'
[19:57:56.232] Adding entry into typings cache: 'parseurl' => '/Users/samuelbanya/Library/Caches/typescript/4.5/node_modules/@types/parseurl/index.d.ts'
[19:57:56.234] Adding entry into typings cache: 'path-is-absolute' => '/Users/samuelbanya/Library/Caches/typescript/4.5/node_modules/@types/path-is-absolute/index.d.ts'
[19:57:56.235] Adding entry into typings cache: 'path-is-inside' => '/Users/samuelbanya/Library/Caches/typescript/4.5/node_modules/@types/path-is-inside/index.d.ts'
[19:57:56.235] Adding entry into typings cache: 'path-parse' => '/Users/samuelbanya/Library/Caches/typescript/4.5/node_modules/@types/path-parse/index.d.ts'
[19:57:56.236] Adding entry into typings cache: 'pathval' => '/Users/samuelbanya/Library/Caches/typescript/4.5/node_modules/@types/pathval/index.d.ts'
[19:57:56.236] Adding entry into typings cache: 'pify' => '/Users/samuelbanya/Library/Caches/typescript/4.5/node_modules/@types/pify/index.d.ts'
[19:57:56.237] Adding entry into typings cache: 'pluralize' => '/Users/samuelbanya/Library/Caches/typescript/4.5/node_modules/@types/pluralize/index.d.ts'
[19:57:56.237] Adding entry into typings cache: 'prelude-ls' => '/Users/samuelbanya/Library/Caches/typescript/4.5/node_modules/@types/prelude-ls/index.d.ts'
[19:57:56.238] Adding entry into typings cache: 'proxy-addr' => '/Users/samuelbanya/Library/Caches/typescript/4.5/node_modules/@types/proxy-addr/index.d.ts'
[19:57:56.238] Adding entry into typings cache: 'psl' => '/Users/samuelbanya/Library/Caches/typescript/4.5/node_modules/@types/psl/index.d.ts'
[19:57:56.239] Adding entry into typings cache: 'pump' => '/Users/samuelbanya/Library/Caches/typescript/4.5/node_modules/@types/pump/index.d.ts'
[19:57:56.240] Adding entry into typings cache: 'punycode' => '/Users/samuelbanya/Library/Caches/typescript/4.5/node_modules/@types/punycode/index.d.ts'
[19:57:56.240] Adding entry into typings cache: 'qs' => '/Users/samuelbanya/Library/Caches/typescript/4.5/node_modules/@types/qs/index.d.ts'
[19:57:56.241] Adding entry into typings cache: 'range-parser' => '/Users/samuelbanya/Library/Caches/typescript/4.5/node_modules/@types/range-parser/index.d.ts'
[19:57:56.241] Adding entry into typings cache: 'rc' => '/Users/samuelbanya/Library/Caches/typescript/4.5/node_modules/@types/rc/index.d.ts'
[19:57:56.242] Adding entry into typings cache: 'regenerate' => '/Users/samuelbanya/Library/Caches/typescript/4.5/node_modules/@types/regenerate/index.d.ts'
[19:57:56.242] Adding entry into typings cache: 'regenerator-runtime' => '/Users/samuelbanya/Library/Caches/typescript/4.5/node_modules/@types/regenerator-runtime/index.d.ts'
[19:57:56.244] Adding entry into typings cache: 'registry-auth-token' => '/Users/samuelbanya/Library/Caches/typescript/4.5/node_modules/@types/registry-auth-token/index.d.ts'
[19:57:56.244] Adding entry into typings cache: 'repeating' => '/Users/samuelbanya/Library/Caches/typescript/4.5/node_modules/@types/repeating/index.d.ts'
[19:57:56.245] Adding entry into typings cache: 'request' => '/Users/samuelbanya/Library/Caches/typescript/4.5/node_modules/@types/request/index.d.ts'
[19:57:56.245] Adding entry into typings cache: 'require-directory' => '/Users/samuelbanya/Library/Caches/typescript/4.5/node_modules/@types/require-directory/index.d.ts'
[19:57:56.246] Adding entry into typings cache: 'resolve' => '/Users/samuelbanya/Library/Caches/typescript/4.5/node_modules/@types/resolve/index.d.ts'
[19:57:56.246] Adding entry into typings cache: 'safer-buffer' => '/Users/samuelbanya/Library/Caches/typescript/4.5/node_modules/@types/safer-buffer/index.d.ts'
[19:57:56.247] Adding entry into typings cache: 'sax' => '/Users/samuelbanya/Library/Caches/typescript/4.5/node_modules/@types/sax/index.d.ts'
[19:57:56.248] Adding entry into typings cache: 'semver' => '/Users/samuelbanya/Library/Caches/typescript/4.5/node_modules/@types/semver/index.d.ts'
[19:57:56.248] Adding entry into typings cache: 'semver-compare' => '/Users/samuelbanya/Library/Caches/typescript/4.5/node_modules/@types/semver-compare/index.d.ts'
[19:57:56.249] Adding entry into typings cache: 'send' => '/Users/samuelbanya/Library/Caches/typescript/4.5/node_modules/@types/send/index.d.ts'
[19:57:56.249] Adding entry into typings cache: 'serve-static' => '/Users/samuelbanya/Library/Caches/typescript/4.5/node_modules/@types/serve-static/index.d.ts'
[19:57:56.250] Adding entry into typings cache: 'server-destroy' => '/Users/samuelbanya/Library/Caches/typescript/4.5/node_modules/@types/server-destroy/index.d.ts'
[19:57:56.251] Adding entry into typings cache: 'shebang-command' => '/Users/samuelbanya/Library/Caches/typescript/4.5/node_modules/@types/shebang-command/index.d.ts'
[19:57:56.251] Adding entry into typings cache: 'signal-exit' => '/Users/samuelbanya/Library/Caches/typescript/4.5/node_modules/@types/signal-exit/index.d.ts'
[19:57:56.253] Adding entry into typings cache: 'sinon' => '/Users/samuelbanya/Library/Caches/typescript/4.5/node_modules/@types/sinon/index.d.ts'
[19:57:56.253] Adding entry into typings cache: 'sinon-stub-promise' => '/Users/samuelbanya/Library/Caches/typescript/4.5/node_modules/@types/sinon-stub-promise/index.d.ts'
[19:57:56.254] Adding entry into typings cache: 'source-map-support' => '/Users/samuelbanya/Library/Caches/typescript/4.5/node_modules/@types/source-map-support/index.d.ts'
[19:57:56.254] Adding entry into typings cache: 'sprintf' => '/Users/samuelbanya/Library/Caches/typescript/4.5/node_modules/@types/sprintf/index.d.ts'
[19:57:56.255] Adding entry into typings cache: 'sprintf-js' => '/Users/samuelbanya/Library/Caches/typescript/4.5/node_modules/@types/sprintf-js/index.d.ts'
[19:57:56.255] Adding entry into typings cache: 'sshpk' => '/Users/samuelbanya/Library/Caches/typescript/4.5/node_modules/@types/sshpk/index.d.ts'
[19:57:56.256] Adding entry into typings cache: 'statuses' => '/Users/samuelbanya/Library/Caches/typescript/4.5/node_modules/@types/statuses/index.d.ts'
[19:57:56.257] Adding entry into typings cache: 'supports-color' => '/Users/samuelbanya/Library/Caches/typescript/4.5/node_modules/@types/supports-color/index.d.ts'
[19:57:56.257] Adding entry into typings cache: 'symbol-tree' => '/Users/samuelbanya/Library/Caches/typescript/4.5/node_modules/@types/symbol-tree/index.d.ts'
[19:57:56.258] Adding entry into typings cache: 'tough-cookie' => '/Users/samuelbanya/Library/Caches/typescript/4.5/node_modules/@types/tough-cookie/index.d.ts'
[19:57:56.259] Adding entry into typings cache: 'type-check' => '/Users/samuelbanya/Library/Caches/typescript/4.5/node_modules/@types/type-check/index.d.ts'
[19:57:56.259] Adding entry into typings cache: 'type-detect' => '/Users/samuelbanya/Library/Caches/typescript/4.5/node_modules/@types/type-detect/index.d.ts'
[19:57:56.260] Adding entry into typings cache: 'type-is' => '/Users/samuelbanya/Library/Caches/typescript/4.5/node_modules/@types/type-is/index.d.ts'
[19:57:56.260] Adding entry into typings cache: 'update-notifier' => '/Users/samuelbanya/Library/Caches/typescript/4.5/node_modules/@types/update-notifier/index.d.ts'
[19:57:56.260] Adding entry into typings cache: 'url-parse-lax' => '/Users/samuelbanya/Library/Caches/typescript/4.5/node_modules/@types/url-parse-lax/index.d.ts'
[19:57:56.261] Adding entry into typings cache: 'utils-merge' => '/Users/samuelbanya/Library/Caches/typescript/4.5/node_modules/@types/utils-merge/index.d.ts'
[19:57:56.261] Adding entry into typings cache: 'uuid' => '/Users/samuelbanya/Library/Caches/typescript/4.5/node_modules/@types/uuid/index.d.ts'
[19:57:56.262] Adding entry into typings cache: 'vary' => '/Users/samuelbanya/Library/Caches/typescript/4.5/node_modules/@types/vary/index.d.ts'
[19:57:56.262] Adding entry into typings cache: 'verror' => '/Users/samuelbanya/Library/Caches/typescript/4.5/node_modules/@types/verror/index.d.ts'
[19:57:56.263] Adding entry into typings cache: 'webidl-conversions' => '/Users/samuelbanya/Library/Caches/typescript/4.5/node_modules/@types/webidl-conversions/index.d.ts'
[19:57:56.264] Adding entry into typings cache: 'whatwg-encoding' => '/Users/samuelbanya/Library/Caches/typescript/4.5/node_modules/@types/whatwg-encoding/index.d.ts'
[19:57:56.265] Adding entry into typings cache: 'whatwg-url' => '/Users/samuelbanya/Library/Caches/typescript/4.5/node_modules/@types/whatwg-url/index.d.ts'
[19:57:56.265] Adding entry into typings cache: 'which' => '/Users/samuelbanya/Library/Caches/typescript/4.5/node_modules/@types/which/index.d.ts'
[19:57:56.266] Adding entry into typings cache: 'wordwrap' => '/Users/samuelbanya/Library/Caches/typescript/4.5/node_modules/@types/wordwrap/index.d.ts'
[19:57:56.267] Adding entry into typings cache: 'wrap-ansi' => '/Users/samuelbanya/Library/Caches/typescript/4.5/node_modules/@types/wrap-ansi/index.d.ts'
[19:57:56.268] Adding entry into typings cache: 'write-file-atomic' => '/Users/samuelbanya/Library/Caches/typescript/4.5/node_modules/@types/write-file-atomic/index.d.ts'
[19:57:56.269] Adding entry into typings cache: 'xml-name-validator' => '/Users/samuelbanya/Library/Caches/typescript/4.5/node_modules/@types/xml-name-validator/index.d.ts'
[19:57:56.269] Adding entry into typings cache: 'yallist' => '/Users/samuelbanya/Library/Caches/typescript/4.5/node_modules/@types/yallist/index.d.ts'
[19:57:56.270] Adding entry into typings cache: 'yargs' => '/Users/samuelbanya/Library/Caches/typescript/4.5/node_modules/@types/yargs/index.d.ts'
[19:57:56.271] Adding entry into typings cache: 'yargs-parser' => '/Users/samuelbanya/Library/Caches/typescript/4.5/node_modules/@types/yargs-parser/index.d.ts'
[19:57:56.272] Adding entry into typings cache: 'yargs-unparser' => '/Users/samuelbanya/Library/Caches/typescript/4.5/node_modules/@types/yargs-unparser/index.d.ts'
[19:57:56.272] Finished processing cache location '/Users/samuelbanya/Library/Caches/typescript/4.5'
[19:57:56.272] Process id: 28522
[19:57:56.272] NPM location: /Users/samuelbanya/.nvm/versions/node/v16.14.2/bin/npm (explicit '--npmLocation' not  provided)
[19:57:56.272] validateDefaultNpmLocation: false
[19:57:56.273] Npm config file: /Users/samuelbanya/Library/Caches/typescript/4.5/package.json
[19:57:56.273] Updating types-registry npm package...
[19:57:56.273] Exec: /Users/samuelbanya/.nvm/versions/node/v16.14.2/bin/npm install --ignore-scripts types-registry@latest
[19:57:57.588]     Succeeded. stdout:
    
    up to date, audited 259 packages in 1s

4 packages are looking for funding
  run `npm fund` for details

found 0 vulnerabilities

[19:57:57.588] Updated types-registry npm package
[19:57:57.616] Got install request {"projectName":"/dev/null/inferredProject1*","fileNames":["/usr/local/lib/node_modules/typescript/lib/lib.es5.d.ts","/usr/local/lib/node_modules/typescript/lib/lib.es2015.d.ts","/usr/local/lib/node_modules/typescript/lib/lib.es2016.d.ts","/usr/local/lib/node_modules/typescript/lib/lib.dom.d.ts","/usr/local/lib/node_modules/typescript/lib/lib.dom.iterable.d.ts","/usr/local/lib/node_modules/typescript/lib/lib.webworker.importscripts.d.ts","/usr/local/lib/node_modules/typescript/lib/lib.scripthost.d.ts","/usr/local/lib/node_modules/typescript/lib/lib.es2015.core.d.ts","/usr/local/lib/node_modules/typescript/lib/lib.es2015.collection.d.ts","/usr/local/lib/node_modules/typescript/lib/lib.es2015.generator.d.ts","/usr/local/lib/node_modules/typescript/lib/lib.es2015.iterable.d.ts","/usr/local/lib/node_modules/typescript/lib/lib.es2015.promise.d.ts","/usr/local/lib/node_modules/typescript/lib/lib.es2015.proxy.d.ts","/usr/local/lib/node_modules/typescript/lib/lib.es2015.reflect.d.ts","/usr/local/lib/node_modules/typescript/lib/lib.es2015.symbol.d.ts","/usr/local/lib/node_modules/typescript/lib/lib.es2015.symbol.wellknown.d.ts","/usr/local/lib/node_modules/typescript/lib/lib.es2016.array.include.d.ts","/usr/local/lib/node_modules/typescript/lib/lib.es2016.full.d.ts","/Users/samuelbanya/hub/Development/code/phase-1/phase-1-lecture-videos-inheritance/index.js"],"compilerOptions":{"module":1,"target":3,"jsx":1,"allowJs":true,"allowSyntheticDefaultImports":true,"allowNonTsExtensions":true,"noEmitForJsFiles":true,"maxNodeModuleJsDepth":2},"typeAcquisition":{"enable":true,"include":[],"exclude":[]},"unresolvedImports":[],"projectRootPath":"/Users/samuelbanya/hub/Development/code/phase-1/phase-1-lecture-videos-inheritance","kind":"discover"}
[19:57:57.622] Loaded safelist from types map file '/usr/local/lib/node_modules/typescript/lib/typesmap.json'
[19:57:57.622] Explicitly included types: []
[19:57:57.623] Inferred typings from unresolved imports: []
[19:57:57.623] Result: {"cachedTypingPaths":[],"newTypingNames":[],"filesToWatch":["/Users/samuelbanya/hub/Development/code/phase-1/phase-1-lecture-videos-inheritance/bower_components","/Users/samuelbanya/hub/Development/code/phase-1/phase-1-lecture-videos-inheritance/node_modules"]}
[19:57:57.623] Finished typings discovery: {"cachedTypingPaths":[],"newTypingNames":[],"filesToWatch":["/Users/samuelbanya/hub/Development/code/phase-1/phase-1-lecture-videos-inheritance/bower_components","/Users/samuelbanya/hub/Development/code/phase-1/phase-1-lecture-videos-inheritance/node_modules"]}
[19:57:57.624] DirectoryWatcher:: Added:: WatchInfo: /Users/samuelbanya/hub/Development/code/phase-1/phase-1-lecture-videos-inheritance/bower_components
[19:57:57.624] DirectoryWatcher:: Added:: WatchInfo: /Users/samuelbanya/hub/Development/code/phase-1/phase-1-lecture-videos-inheritance/bower_components 1 undefined Project: /dev/null/inferredProject1* watcher already invoked: false
[19:57:57.625] Elapsed:: 0.9392489977180958ms DirectoryWatcher:: Added:: WatchInfo: /Users/samuelbanya/hub/Development/code/phase-1/phase-1-lecture-videos-inheritance/bower_components 1 undefined Project: /dev/null/inferredProject1* watcher already invoked: false
[19:57:57.626] DirectoryWatcher:: Added:: WatchInfo: /Users/samuelbanya/hub/Development/code/phase-1/phase-1-lecture-videos-inheritance/node_modules
[19:57:57.626] DirectoryWatcher:: Added:: WatchInfo: /Users/samuelbanya/hub/Development/code/phase-1/phase-1-lecture-videos-inheritance/node_modules 1 undefined Project: /dev/null/inferredProject1* watcher already invoked: false
[19:57:57.626] Elapsed:: 0.08762500062584877ms DirectoryWatcher:: Added:: WatchInfo: /Users/samuelbanya/hub/Development/code/phase-1/phase-1-lecture-videos-inheritance/node_modules 1 undefined Project: /dev/null/inferredProject1* watcher already invoked: false
[19:57:57.626] Sending response:
    {"projectName":"/dev/null/inferredProject1*","typeAcquisition":{"enable":true,"include":[],"exclude":[]},"compilerOptions":{"module":1,"target":3,"jsx":1,"allowJs":true,"allowSyntheticDefaultImports":true,"allowNonTsExtensions":true,"noEmitForJsFiles":true,"maxNodeModuleJsDepth":2},"typings":[],"unresolvedImports":[],"kind":"action::set"}
[19:57:57.627] Response has been sent.
[19:57:57.627] No new typings were requested as a result of typings discovery
[20:00:19.055] Got install request {"projectName":"/dev/null/inferredProject1*","fileNames":["/usr/local/lib/node_modules/typescript/lib/lib.es5.d.ts","/usr/local/lib/node_modules/typescript/lib/lib.es2015.d.ts","/usr/local/lib/node_modules/typescript/lib/lib.es2016.d.ts","/usr/local/lib/node_modules/typescript/lib/lib.dom.d.ts","/usr/local/lib/node_modules/typescript/lib/lib.dom.iterable.d.ts","/usr/local/lib/node_modules/typescript/lib/lib.webworker.importscripts.d.ts","/usr/local/lib/node_modules/typescript/lib/lib.scripthost.d.ts","/usr/local/lib/node_modules/typescript/lib/lib.es2015.core.d.ts","/usr/local/lib/node_modules/typescript/lib/lib.es2015.collection.d.ts","/usr/local/lib/node_modules/typescript/lib/lib.es2015.generator.d.ts","/usr/local/lib/node_modules/typescript/lib/lib.es2015.iterable.d.ts","/usr/local/lib/node_modules/typescript/lib/lib.es2015.promise.d.ts","/usr/local/lib/node_modules/typescript/lib/lib.es2015.proxy.d.ts","/usr/local/lib/node_modules/typescript/lib/lib.es2015.reflect.d.ts","/usr/local/lib/node_modules/typescript/lib/lib.es2015.symbol.d.ts","/usr/local/lib/node_modules/typescript/lib/lib.es2015.symbol.wellknown.d.ts","/usr/local/lib/node_modules/typescript/lib/lib.es2016.array.include.d.ts","/usr/local/lib/node_modules/typescript/lib/lib.es2016.full.d.ts","/Users/samuelbanya/hub/Development/code/phase-1/phase-1-lecture-videos-inheritance/index.js"],"compilerOptions":{"module":1,"target":3,"jsx":1,"allowJs":true,"allowSyntheticDefaultImports":true,"allowNonTsExtensions":true,"noEmitForJsFiles":true,"maxNodeModuleJsDepth":2},"typeAcquisition":{"enable":true,"include":[],"exclude":[]},"projectRootPath":"/Users/samuelbanya/hub/Development/code/phase-1/phase-1-lecture-videos-inheritance","kind":"discover"}
[20:00:19.055] Explicitly included types: []
[20:00:19.055] Result: {"cachedTypingPaths":[],"newTypingNames":[],"filesToWatch":["/Users/samuelbanya/hub/Development/code/phase-1/phase-1-lecture-videos-inheritance/bower_components","/Users/samuelbanya/hub/Development/code/phase-1/phase-1-lecture-videos-inheritance/node_modules"]}
[20:00:19.055] Finished typings discovery: {"cachedTypingPaths":[],"newTypingNames":[],"filesToWatch":["/Users/samuelbanya/hub/Development/code/phase-1/phase-1-lecture-videos-inheritance/bower_components","/Users/samuelbanya/hub/Development/code/phase-1/phase-1-lecture-videos-inheritance/node_modules"]}
[20:00:19.056] Sending response:
    {"projectName":"/dev/null/inferredProject1*","typeAcquisition":{"enable":true,"include":[],"exclude":[]},"compilerOptions":{"module":1,"target":3,"jsx":1,"allowJs":true,"allowSyntheticDefaultImports":true,"allowNonTsExtensions":true,"noEmitForJsFiles":true,"maxNodeModuleJsDepth":2},"typings":[],"kind":"action::set"}
[20:00:19.056] Response has been sent.
[20:00:19.056] No new typings were requested as a result of typings discovery
